[debug] [2025-06-10T22:12:21.372Z] ----------------------------------------------------------------------
[debug] [2025-06-10T22:12:21.373Z] Command:       /Users/xingxingxiao/.nvm/versions/node/v20.19.1/bin/node /Users/xingxingxiao/.nvm/versions/node/v20.19.1/bin/firebase emulators:start
[debug] [2025-06-10T22:12:21.374Z] CLI Version:   14.6.0
[debug] [2025-06-10T22:12:21.374Z] Platform:      darwin
[debug] [2025-06-10T22:12:21.374Z] Node Version:  v20.19.1
[debug] [2025-06-10T22:12:21.374Z] Time:          Tue Jun 10 2025 18:12:21 GMT-0400 (Eastern Daylight Time)
[debug] [2025-06-10T22:12:21.374Z] ----------------------------------------------------------------------
[debug] 
[debug] [2025-06-10T22:12:21.482Z] > command requires scopes: ["email","openid","https://www.googleapis.com/auth/cloudplatformprojects.readonly","https://www.googleapis.com/auth/firebase","https://www.googleapis.com/auth/cloud-platform"]
[debug] [2025-06-10T22:12:21.483Z] > authorizing via signed-in user (starsbro@gmail.com)
[info] i  emulators: Starting emulators: functions, extensions {"metadata":{"emulator":{"name":"hub"},"message":"Starting emulators: functions, extensions"}}
[debug] [2025-06-10T22:12:21.484Z] Checked if tokens are valid: true, expires at: 1749596255807
[debug] [2025-06-10T22:12:21.484Z] Checked if tokens are valid: true, expires at: 1749596255807
[debug] [2025-06-10T22:12:21.485Z] >>> [apiv2][query] GET https://serviceusage.googleapis.com/v1/projects/academico-ai/services/cloudresourcemanager.googleapis.com [none]
[debug] [2025-06-10T22:12:21.485Z] >>> [apiv2][(partial)header] GET https://serviceusage.googleapis.com/v1/projects/academico-ai/services/cloudresourcemanager.googleapis.com x-goog-quota-user=projects/academico-ai
[debug] [2025-06-10T22:12:21.923Z] <<< [apiv2][status] GET https://serviceusage.googleapis.com/v1/projects/academico-ai/services/cloudresourcemanager.googleapis.com 200
[debug] [2025-06-10T22:12:21.923Z] <<< [apiv2][body] GET https://serviceusage.googleapis.com/v1/projects/academico-ai/services/cloudresourcemanager.googleapis.com [omitted]
[debug] [2025-06-10T22:12:21.923Z] Checked if tokens are valid: true, expires at: 1749596255807
[debug] [2025-06-10T22:12:21.923Z] Checked if tokens are valid: true, expires at: 1749596255807
[debug] [2025-06-10T22:12:21.924Z] >>> [apiv2][query] GET https://cloudresourcemanager.googleapis.com/v1/projects/academico-ai [none]
[debug] [2025-06-10T22:12:22.211Z] <<< [apiv2][status] GET https://cloudresourcemanager.googleapis.com/v1/projects/academico-ai 200
[debug] [2025-06-10T22:12:22.211Z] <<< [apiv2][body] GET https://cloudresourcemanager.googleapis.com/v1/projects/academico-ai {"projectNumber":"520745038762","projectId":"academico-ai","lifecycleState":"ACTIVE","name":"academico-ai","labels":{"firebase":"enabled","firebase-core":"disabled"},"createTime":"2025-06-01T15:58:12.916019Z"}
[debug] [2025-06-10T22:12:22.403Z] [logging] Logging Emulator only supports listening on one address (127.0.0.1). Not listening on ::1
[debug] [2025-06-10T22:12:22.403Z] assigned listening specs for emulators {"user":{"hub":[{"address":"127.0.0.1","family":"IPv4","port":4400},{"address":"::1","family":"IPv6","port":4400}],"ui":[{"address":"127.0.0.1","family":"IPv4","port":4000},{"address":"::1","family":"IPv6","port":4000}],"logging":[{"address":"127.0.0.1","family":"IPv4","port":4500}]},"metadata":{"message":"assigned listening specs for emulators"}}
[debug] [2025-06-10T22:12:22.405Z] [hub] writing locator at /var/folders/m2/1r9jsww12gs8ncks7thch2p40000gn/T/hub-academico-ai.json
[debug] [2025-06-10T22:12:22.408Z] [Extensions] Started Extensions emulator, this is a noop.
[debug] [2025-06-10T22:12:22.560Z] [functions] Functions Emulator only supports listening on one address (127.0.0.1). Not listening on ::1
[debug] [2025-06-10T22:12:22.560Z] [eventarc] Eventarc Emulator only supports listening on one address (127.0.0.1). Not listening on ::1
[debug] [2025-06-10T22:12:22.560Z] [tasks] Cloud Tasks Emulator only supports listening on one address (127.0.0.1). Not listening on ::1
[debug] [2025-06-10T22:12:22.560Z] late-assigned ports for functions and eventarc emulators {"user":{"hub":[{"address":"127.0.0.1","family":"IPv4","port":4400},{"address":"::1","family":"IPv6","port":4400}],"ui":[{"address":"127.0.0.1","family":"IPv4","port":4000},{"address":"::1","family":"IPv6","port":4000}],"logging":[{"address":"127.0.0.1","family":"IPv4","port":4500}],"functions":[{"address":"127.0.0.1","family":"IPv4","port":5001}],"eventarc":[{"address":"127.0.0.1","family":"IPv4","port":9299}],"tasks":[{"address":"127.0.0.1","family":"IPv4","port":9499}]},"metadata":{"message":"late-assigned ports for functions and eventarc emulators"}}
[warn] ⚠  functions: The following emulators are not running, calls to these services from the Functions emulator will affect production: apphosting, auth, firestore, database, hosting, pubsub, storage, dataconnect {"metadata":{"emulator":{"name":"functions"},"message":"The following emulators are not running, calls to these services from the Functions emulator will affect production: \u001b[1mapphosting, auth, firestore, database, hosting, pubsub, storage, dataconnect\u001b[22m"}}
[debug] [2025-06-10T22:12:22.565Z] defaultcredentials: writing to file /Users/xingxingxiao/.config/firebase/starsbro_gmail_com_application_default_credentials.json
[debug] [2025-06-10T22:12:22.566Z] Setting GAC to /Users/xingxingxiao/.config/firebase/starsbro_gmail_com_application_default_credentials.json {"metadata":{"emulator":{"name":"functions"},"message":"Setting GAC to /Users/xingxingxiao/.config/firebase/starsbro_gmail_com_application_default_credentials.json"}}
[debug] [2025-06-10T22:12:22.566Z] Checked if tokens are valid: true, expires at: 1749596255807
[debug] [2025-06-10T22:12:22.566Z] Checked if tokens are valid: true, expires at: 1749596255807
[debug] [2025-06-10T22:12:22.566Z] >>> [apiv2][query] GET https://firebase.googleapis.com/v1beta1/projects/academico-ai/adminSdkConfig [none]
[debug] [2025-06-10T22:12:23.016Z] <<< [apiv2][status] GET https://firebase.googleapis.com/v1beta1/projects/academico-ai/adminSdkConfig 200
[debug] [2025-06-10T22:12:23.017Z] <<< [apiv2][body] GET https://firebase.googleapis.com/v1beta1/projects/academico-ai/adminSdkConfig {"projectId":"academico-ai","storageBucket":"academico-ai.firebasestorage.app"}
[debug] [2025-06-10T22:12:23.043Z] [Extensions] Connecting Extensions emulator, this is a noop.
[info] i  functions: Watching "/Users/xingxingxiao/Documents/GitHub/academico-ai/backend/functions" for Cloud Functions... {"metadata":{"emulator":{"name":"functions"},"message":"Watching \"/Users/xingxingxiao/Documents/GitHub/academico-ai/backend/functions\" for Cloud Functions..."}}
[debug] [2025-06-10T22:12:23.050Z] Validating nodejs source
[debug] [2025-06-10T22:12:23.446Z] > [functions] package.json contents: {
  "name": "functions",
  "scripts": {
    "lint": "eslint --ext .js,.ts .",
    "build": "tsc",
    "build:watch": "tsc --watch",
    "serve": "npm run build && firebase emulators:start --only functions",
    "shell": "npm run build && firebase functions:shell",
    "start": "npm run shell",
    "deploy": "firebase deploy --only functions",
    "logs": "firebase functions:log"
  },
  "engines": {
    "node": "20"
  },
  "main": "lib/index.js",
  "dependencies": {
    "firebase-admin": "^12.6.0",
    "firebase-functions": "^6.0.1"
  },
  "devDependencies": {
    "@typescript-eslint/eslint-plugin": "^5.12.0",
    "@typescript-eslint/parser": "^5.12.0",
    "eslint": "^8.9.0",
    "eslint-config-google": "^0.14.0",
    "eslint-plugin-import": "^2.25.4",
    "firebase-functions-test": "^3.1.0",
    "typescript": "^5.7.3"
  },
  "private": true
}
[debug] [2025-06-10T22:12:23.446Z] Building nodejs source
[debug] [2025-06-10T22:12:23.446Z] Failed to find version of module node: reached end of search path /Users/xingxingxiao/Documents/GitHub/academico-ai/backend/functions/node_modules
[info] ✔  functions: Using node@20 from host. 
[debug] [2025-06-10T22:12:23.448Z] Could not find functions.yaml. Must use http discovery
[debug] [2025-06-10T22:12:23.453Z] Found firebase-functions binary at '/Users/xingxingxiao/Documents/GitHub/academico-ai/backend/functions/node_modules/.bin/firebase-functions'
[info] Serving at port 8256

[debug] [2025-06-10T22:12:23.671Z] Got response from /__/functions.yaml {"endpoints":{"api":{"availableMemoryMb":null,"timeoutSeconds":null,"minInstances":null,"maxInstances":null,"ingressSettings":null,"concurrency":null,"serviceAccountEmail":null,"vpc":null,"platform":"gcfv2","labels":{},"httpsTrigger":{},"entryPoint":"api"}},"specVersion":"v1alpha1","requiredAPIs":[],"extensions":{}}
[debug] [2025-06-10T22:12:27.693Z] defaultcredentials: writing to file /Users/xingxingxiao/.config/firebase/starsbro_gmail_com_application_default_credentials.json
[debug] [2025-06-10T22:12:27.694Z] Setting GAC to /Users/xingxingxiao/.config/firebase/starsbro_gmail_com_application_default_credentials.json {"metadata":{"emulator":{"name":"functions"},"message":"Setting GAC to /Users/xingxingxiao/.config/firebase/starsbro_gmail_com_application_default_credentials.json"}}
[info] ✔  functions: Loaded functions definitions from source: api. {"metadata":{"emulator":{"name":"functions"},"message":"Loaded functions definitions from source: api."}}
[info] ✔  functions[us-central1-api]: http function initialized (http://127.0.0.1:5001/academico-ai/us-central1/api). {"metadata":{"emulator":{"name":"functions"},"message":"\u001b[1mhttp\u001b[22m function initialized (http://127.0.0.1:5001/academico-ai/us-central1/api)."}}
[debug] [2025-06-10T22:12:27.701Z] Could not find VSCode notification endpoint: FetchError: request to http://localhost:40001/vscode/notify failed, reason: . If you are not running the Firebase Data Connect VSCode extension, this is expected and not an issue.
[info] 
┌─────────────────────────────────────────────────────────────┐
│ ✔  All emulators ready! It is now safe to connect your app. │
│ i  View Emulator UI at http://127.0.0.1:4000/               │
└─────────────────────────────────────────────────────────────┘

┌────────────┬────────────────┬──────────────────────────────────┐
│ Emulator   │ Host:Port      │ View in Emulator UI              │
├────────────┼────────────────┼──────────────────────────────────┤
│ Functions  │ 127.0.0.1:5001 │ http://127.0.0.1:4000/functions  │
├────────────┼────────────────┼──────────────────────────────────┤
│ Extensions │ 127.0.0.1:5001 │ http://127.0.0.1:4000/extensions │
└────────────┴────────────────┴──────────────────────────────────┘
  Emulator Hub host: 127.0.0.1 port: 4400
  Other reserved ports: 4500
┌─────────────────────────┬───────────────┬─────────────────────┐
│ Extension Instance Name │ Extension Ref │ View in Emulator UI │
└─────────────────────────┴───────────────┴─────────────────────┘
Issues? Report them at https://github.com/firebase/firebase-tools/issues and attach the *-debug.log files.
 
[debug] [2025-06-10T22:12:54.732Z] [work-queue] {"queuedWork":["/academico-ai/us-central1/api/projects-2025-06-10T22:12:54.731Z"],"queueLength":1,"runningWork":[],"workRunningCount":0}
[debug] [2025-06-10T22:12:54.732Z] [work-queue] {"queuedWork":[],"queueLength":0,"runningWork":["/academico-ai/us-central1/api/projects-2025-06-10T22:12:54.731Z"],"workRunningCount":1}
[debug] [2025-06-10T22:12:54.732Z] Accepted request GET /academico-ai/us-central1/api/projects --> us-central1-api
[debug] [2025-06-10T22:12:54.734Z] [functions] Runtime ready! Sending request! {"metadata":{"emulator":{"name":"functions"},"message":"[functions] Runtime ready! Sending request!"}}
[debug] [2025-06-10T22:12:54.734Z] [functions] Got req.url=/academico-ai/us-central1/api/projects, mapping to path=/projects {"metadata":{"emulator":{"name":"functions"},"message":"[functions] Got req.url=/academico-ai/us-central1/api/projects, mapping to path=/projects"}}
[debug] [2025-06-10T22:12:54.736Z] [worker-pool] addWorker(us-central1-api) {"metadata":{"emulator":{"name":"functions"},"message":"[worker-pool] addWorker(us-central1-api)"}}
[debug] [2025-06-10T22:12:54.736Z] [worker-pool] Adding worker with key us-central1-api, total=1 {"metadata":{"emulator":{"name":"functions"},"message":"[worker-pool] Adding worker with key us-central1-api, total=1"}}
[debug] [2025-06-10T22:12:55.248Z] [runtime-status] [24092] Resolved module firebase-admin {"declared":true,"installed":true,"version":"12.7.0","resolution":"/Users/xingxingxiao/Documents/GitHub/academico-ai/backend/functions/node_modules/firebase-admin/lib/index.js"} {"metadata":{"emulator":{"name":"functions"},"function":{"name":"us-central1-api"},"extension":{},"message":"[runtime-status] [24092] Resolved module firebase-admin {\"declared\":true,\"installed\":true,\"version\":\"12.7.0\",\"resolution\":\"/Users/xingxingxiao/Documents/GitHub/academico-ai/backend/functions/node_modules/firebase-admin/lib/index.js\"}"}}
[debug] [2025-06-10T22:12:55.249Z] [runtime-status] [24092] Resolved module firebase-functions {"declared":true,"installed":true,"version":"6.3.2","resolution":"/Users/xingxingxiao/Documents/GitHub/academico-ai/backend/functions/node_modules/firebase-functions/lib/v2/index.js"} {"metadata":{"emulator":{"name":"functions"},"function":{"name":"us-central1-api"},"extension":{},"message":"[runtime-status] [24092] Resolved module firebase-functions {\"declared\":true,\"installed\":true,\"version\":\"6.3.2\",\"resolution\":\"/Users/xingxingxiao/Documents/GitHub/academico-ai/backend/functions/node_modules/firebase-functions/lib/v2/index.js\"}"}}
[debug] [2025-06-10T22:12:55.249Z] [runtime-status] [24092] Outgoing network have been stubbed. [{"name":"http","status":"mocked"},{"name":"http","status":"mocked"},{"name":"https","status":"mocked"},{"name":"https","status":"mocked"},{"name":"net","status":"mocked"}] {"metadata":{"emulator":{"name":"functions"},"function":{"name":"us-central1-api"},"extension":{},"message":"[runtime-status] [24092] Outgoing network have been stubbed. [{\"name\":\"http\",\"status\":\"mocked\"},{\"name\":\"http\",\"status\":\"mocked\"},{\"name\":\"https\",\"status\":\"mocked\"},{\"name\":\"https\",\"status\":\"mocked\"},{\"name\":\"net\",\"status\":\"mocked\"}]"}}
[debug] [2025-06-10T22:12:55.249Z] [runtime-status] [24092] Resolved module firebase-functions {"declared":true,"installed":true,"version":"6.3.2","resolution":"/Users/xingxingxiao/Documents/GitHub/academico-ai/backend/functions/node_modules/firebase-functions/lib/v2/index.js"} {"metadata":{"emulator":{"name":"functions"},"function":{"name":"us-central1-api"},"extension":{},"message":"[runtime-status] [24092] Resolved module firebase-functions {\"declared\":true,\"installed\":true,\"version\":\"6.3.2\",\"resolution\":\"/Users/xingxingxiao/Documents/GitHub/academico-ai/backend/functions/node_modules/firebase-functions/lib/v2/index.js\"}"}}
[debug] [2025-06-10T22:12:55.418Z] [runtime-status] [24092] Checked functions.config() {"config":{}} {"metadata":{"emulator":{"name":"functions"},"function":{"name":"us-central1-api"},"extension":{},"message":"[runtime-status] [24092] Checked functions.config() {\"config\":{}}"}}
[debug] [2025-06-10T22:12:55.419Z] [runtime-status] [24092] firebase-functions has been stubbed. {"functionsResolution":{"declared":true,"installed":true,"version":"6.3.2","resolution":"/Users/xingxingxiao/Documents/GitHub/academico-ai/backend/functions/node_modules/firebase-functions/lib/v2/index.js"}} {"metadata":{"emulator":{"name":"functions"},"function":{"name":"us-central1-api"},"extension":{},"message":"[runtime-status] [24092] firebase-functions has been stubbed. {\"functionsResolution\":{\"declared\":true,\"installed\":true,\"version\":\"6.3.2\",\"resolution\":\"/Users/xingxingxiao/Documents/GitHub/academico-ai/backend/functions/node_modules/firebase-functions/lib/v2/index.js\"}}"}}
[debug] [2025-06-10T22:12:55.419Z] [runtime-status] [24092] Resolved module firebase-functions {"declared":true,"installed":true,"version":"6.3.2","resolution":"/Users/xingxingxiao/Documents/GitHub/academico-ai/backend/functions/node_modules/firebase-functions/lib/v2/index.js"} {"metadata":{"emulator":{"name":"functions"},"function":{"name":"us-central1-api"},"extension":{},"message":"[runtime-status] [24092] Resolved module firebase-functions {\"declared\":true,\"installed\":true,\"version\":\"6.3.2\",\"resolution\":\"/Users/xingxingxiao/Documents/GitHub/academico-ai/backend/functions/node_modules/firebase-functions/lib/v2/index.js\"}"}}
[debug] [2025-06-10T22:12:55.422Z] [runtime-status] [24092] Resolved module firebase-admin {"declared":true,"installed":true,"version":"12.7.0","resolution":"/Users/xingxingxiao/Documents/GitHub/academico-ai/backend/functions/node_modules/firebase-admin/lib/index.js"} {"metadata":{"emulator":{"name":"functions"},"function":{"name":"us-central1-api"},"extension":{},"message":"[runtime-status] [24092] Resolved module firebase-admin {\"declared\":true,\"installed\":true,\"version\":\"12.7.0\",\"resolution\":\"/Users/xingxingxiao/Documents/GitHub/academico-ai/backend/functions/node_modules/firebase-admin/lib/index.js\"}"}}
[debug] [2025-06-10T22:12:55.423Z] [runtime-status] [24092] Resolved module firebase-functions {"declared":true,"installed":true,"version":"6.3.2","resolution":"/Users/xingxingxiao/Documents/GitHub/academico-ai/backend/functions/node_modules/firebase-functions/lib/v2/index.js"} {"metadata":{"emulator":{"name":"functions"},"function":{"name":"us-central1-api"},"extension":{},"message":"[runtime-status] [24092] Resolved module firebase-functions {\"declared\":true,\"installed\":true,\"version\":\"6.3.2\",\"resolution\":\"/Users/xingxingxiao/Documents/GitHub/academico-ai/backend/functions/node_modules/firebase-functions/lib/v2/index.js\"}"}}
[debug] [2025-06-10T22:12:55.424Z] [runtime-status] [24092] firebase-admin has been stubbed. {"adminResolution":{"declared":true,"installed":true,"version":"12.7.0","resolution":"/Users/xingxingxiao/Documents/GitHub/academico-ai/backend/functions/node_modules/firebase-admin/lib/index.js"}} {"metadata":{"emulator":{"name":"functions"},"function":{"name":"us-central1-api"},"extension":{},"message":"[runtime-status] [24092] firebase-admin has been stubbed. {\"adminResolution\":{\"declared\":true,\"installed\":true,\"version\":\"12.7.0\",\"resolution\":\"/Users/xingxingxiao/Documents/GitHub/academico-ai/backend/functions/node_modules/firebase-admin/lib/index.js\"}}"}}
[debug] [2025-06-10T22:12:55.508Z] [runtime-status] [24092] Functions runtime initialized. {"cwd":"/Users/xingxingxiao/Documents/GitHub/academico-ai/backend/functions","node_version":"20.19.1"} {"metadata":{"emulator":{"name":"functions"},"function":{"name":"us-central1-api"},"extension":{},"message":"[runtime-status] [24092] Functions runtime initialized. {\"cwd\":\"/Users/xingxingxiao/Documents/GitHub/academico-ai/backend/functions\",\"node_version\":\"20.19.1\"}"}}
[debug] [2025-06-10T22:12:55.508Z] [runtime-status] [24092] Listening to port: /var/folders/m2/1r9jsww12gs8ncks7thch2p40000gn/T/fire_emu_d1fc3eec703db130.sock {"metadata":{"emulator":{"name":"functions"},"function":{"name":"us-central1-api"},"extension":{},"message":"[runtime-status] [24092] Listening to port: /var/folders/m2/1r9jsww12gs8ncks7thch2p40000gn/T/fire_emu_d1fc3eec703db130.sock"}}
[debug] [2025-06-10T22:12:55.553Z] [worker-us-central1-api-ba64f8ad-d79c-4548-850b-2cf54c0d2972]: IDLE {"metadata":{"emulator":{"name":"functions"},"function":{"name":"us-central1-api"},"extension":{},"message":"[worker-us-central1-api-ba64f8ad-d79c-4548-850b-2cf54c0d2972]: IDLE"}}
[debug] [2025-06-10T22:12:55.553Z] [worker-pool] submitRequest(triggerId=us-central1-api) {"metadata":{"emulator":{"name":"functions"},"message":"[worker-pool] submitRequest(triggerId=us-central1-api)"}}
[info] i  functions: Beginning execution of "us-central1-api" {"metadata":{"emulator":{"name":"functions"},"function":{"name":"us-central1-api"},"extension":{},"message":"Beginning execution of \"us-central1-api\""}}
[debug] [2025-06-10T22:12:55.554Z] [worker-us-central1-api-ba64f8ad-d79c-4548-850b-2cf54c0d2972]: BUSY {"metadata":{"emulator":{"name":"functions"},"function":{"name":"us-central1-api"},"extension":{},"message":"[worker-us-central1-api-ba64f8ad-d79c-4548-850b-2cf54c0d2972]: BUSY"}}
[info] >  {"severity":"INFO","message":"Accessed /projects endpoint"} {"user":{"severity":"INFO","message":"Accessed /projects endpoint"},"metadata":{"emulator":{"name":"functions"},"function":{"name":"us-central1-api"},"extension":{},"message":"\u001b[90m> \u001b[39m {\"severity\":\"INFO\",\"message\":\"Accessed /projects endpoint\"}"}}
[debug] [2025-06-10T22:12:55.557Z] Finishing up request with event=pause {"metadata":{"emulator":{"name":"functions"},"function":{"name":"us-central1-api"},"extension":{},"message":"Finishing up request with event=pause"}}
[info] i  functions: Finished "us-central1-api" in 3.215917ms {"metadata":{"emulator":{"name":"functions"},"function":{"name":"us-central1-api"},"extension":{},"message":"Finished \"us-central1-api\" in 3.215917ms"}}
[debug] [2025-06-10T22:12:55.558Z] [worker-us-central1-api-ba64f8ad-d79c-4548-850b-2cf54c0d2972]: IDLE {"metadata":{"emulator":{"name":"functions"},"function":{"name":"us-central1-api"},"extension":{},"message":"[worker-us-central1-api-ba64f8ad-d79c-4548-850b-2cf54c0d2972]: IDLE"}}
[debug] [2025-06-10T22:12:55.558Z] Finishing up request with event=finish {"metadata":{"emulator":{"name":"functions"},"function":{"name":"us-central1-api"},"extension":{},"message":"Finishing up request with event=finish"}}
[debug] [2025-06-10T22:12:55.558Z] Finishing up request with event=close {"metadata":{"emulator":{"name":"functions"},"function":{"name":"us-central1-api"},"extension":{},"message":"Finishing up request with event=close"}}
[debug] [2025-06-10T22:12:55.558Z] [work-queue] {"queuedWork":[],"queueLength":0,"runningWork":[],"workRunningCount":0}
[debug] [2025-06-10T22:12:55.591Z] [work-queue] {"queuedWork":["/academico-ai/us-central1/api/projects-2025-06-10T22:12:55.591Z"],"queueLength":1,"runningWork":[],"workRunningCount":0}
[debug] [2025-06-10T22:12:55.591Z] [work-queue] {"queuedWork":[],"queueLength":0,"runningWork":["/academico-ai/us-central1/api/projects-2025-06-10T22:12:55.591Z"],"workRunningCount":1}
[debug] [2025-06-10T22:12:55.591Z] Accepted request GET /academico-ai/us-central1/api/projects --> us-central1-api
[debug] [2025-06-10T22:12:55.591Z] [functions] Runtime ready! Sending request! {"metadata":{"emulator":{"name":"functions"},"message":"[functions] Runtime ready! Sending request!"}}
[debug] [2025-06-10T22:12:55.591Z] [functions] Got req.url=/academico-ai/us-central1/api/projects, mapping to path=/projects {"metadata":{"emulator":{"name":"functions"},"message":"[functions] Got req.url=/academico-ai/us-central1/api/projects, mapping to path=/projects"}}
[debug] [2025-06-10T22:12:55.591Z] [worker-pool] submitRequest(triggerId=us-central1-api) {"metadata":{"emulator":{"name":"functions"},"message":"[worker-pool] submitRequest(triggerId=us-central1-api)"}}
[info] i  functions: Beginning execution of "us-central1-api" {"metadata":{"emulator":{"name":"functions"},"function":{"name":"us-central1-api"},"extension":{},"message":"Beginning execution of \"us-central1-api\""}}
[debug] [2025-06-10T22:12:55.591Z] [worker-us-central1-api-ba64f8ad-d79c-4548-850b-2cf54c0d2972]: BUSY {"metadata":{"emulator":{"name":"functions"},"function":{"name":"us-central1-api"},"extension":{},"message":"[worker-us-central1-api-ba64f8ad-d79c-4548-850b-2cf54c0d2972]: BUSY"}}
[info] >  {"severity":"INFO","message":"Accessed /projects endpoint"} {"user":{"severity":"INFO","message":"Accessed /projects endpoint"},"metadata":{"emulator":{"name":"functions"},"function":{"name":"us-central1-api"},"extension":{},"message":"\u001b[90m> \u001b[39m {\"severity\":\"INFO\",\"message\":\"Accessed /projects endpoint\"}"}}
[debug] [2025-06-10T22:12:55.593Z] Finishing up request with event=pause {"metadata":{"emulator":{"name":"functions"},"function":{"name":"us-central1-api"},"extension":{},"message":"Finishing up request with event=pause"}}
[info] i  functions: Finished "us-central1-api" in 2.036041ms {"metadata":{"emulator":{"name":"functions"},"function":{"name":"us-central1-api"},"extension":{},"message":"Finished \"us-central1-api\" in 2.036041ms"}}
[debug] [2025-06-10T22:12:55.594Z] [worker-us-central1-api-ba64f8ad-d79c-4548-850b-2cf54c0d2972]: IDLE {"metadata":{"emulator":{"name":"functions"},"function":{"name":"us-central1-api"},"extension":{},"message":"[worker-us-central1-api-ba64f8ad-d79c-4548-850b-2cf54c0d2972]: IDLE"}}
[debug] [2025-06-10T22:12:55.594Z] Finishing up request with event=finish {"metadata":{"emulator":{"name":"functions"},"function":{"name":"us-central1-api"},"extension":{},"message":"Finishing up request with event=finish"}}
[debug] [2025-06-10T22:12:55.594Z] Finishing up request with event=close {"metadata":{"emulator":{"name":"functions"},"function":{"name":"us-central1-api"},"extension":{},"message":"Finishing up request with event=close"}}
[debug] [2025-06-10T22:12:55.594Z] [work-queue] {"queuedWork":[],"queueLength":0,"runningWork":[],"workRunningCount":0}
[debug] [2025-06-10T22:12:59.995Z] [work-queue] {"queuedWork":["/academico-ai/us-central1/api/projects-2025-06-10T22:12:59.995Z"],"queueLength":1,"runningWork":[],"workRunningCount":0}
[debug] [2025-06-10T22:12:59.995Z] [work-queue] {"queuedWork":[],"queueLength":0,"runningWork":["/academico-ai/us-central1/api/projects-2025-06-10T22:12:59.995Z"],"workRunningCount":1}
[debug] [2025-06-10T22:12:59.995Z] Accepted request POST /academico-ai/us-central1/api/projects --> us-central1-api
[debug] [2025-06-10T22:12:59.996Z] [functions] Runtime ready! Sending request! {"metadata":{"emulator":{"name":"functions"},"message":"[functions] Runtime ready! Sending request!"}}
[debug] [2025-06-10T22:12:59.996Z] [functions] Got req.url=/academico-ai/us-central1/api/projects, mapping to path=/projects {"metadata":{"emulator":{"name":"functions"},"message":"[functions] Got req.url=/academico-ai/us-central1/api/projects, mapping to path=/projects"}}
[debug] [2025-06-10T22:12:59.996Z] [worker-pool] submitRequest(triggerId=us-central1-api) {"metadata":{"emulator":{"name":"functions"},"message":"[worker-pool] submitRequest(triggerId=us-central1-api)"}}
[info] i  functions: Beginning execution of "us-central1-api" {"metadata":{"emulator":{"name":"functions"},"function":{"name":"us-central1-api"},"extension":{},"message":"Beginning execution of \"us-central1-api\""}}
[debug] [2025-06-10T22:12:59.996Z] [worker-us-central1-api-ba64f8ad-d79c-4548-850b-2cf54c0d2972]: BUSY {"metadata":{"emulator":{"name":"functions"},"function":{"name":"us-central1-api"},"extension":{},"message":"[worker-us-central1-api-ba64f8ad-d79c-4548-850b-2cf54c0d2972]: BUSY"}}
[info] >  {"severity":"INFO","message":"POST /projects received."} {"user":{"severity":"INFO","message":"POST /projects received."},"metadata":{"emulator":{"name":"functions"},"function":{"name":"us-central1-api"},"extension":{},"message":"\u001b[90m> \u001b[39m {\"severity\":\"INFO\",\"message\":\"POST /projects received.\"}"}}
[info] >  {"title":"A Brand New Project","severity":"INFO","message":"Request body:"} {"user":{"title":"A Brand New Project","severity":"INFO","message":"Request body:"},"metadata":{"emulator":{"name":"functions"},"function":{"name":"us-central1-api"},"extension":{},"message":"\u001b[90m> \u001b[39m {\"title\":\"A Brand New Project\",\"severity\":\"INFO\",\"message\":\"Request body:\"}"}}
[info] >  {"id":"1749593580003","title":"A Brand New Project","date":"Jun 10, 2025","status":"In progress","image":"/placeholder.svg?height=200&width=300","bgColor":"bg-purple-400","severity":"INFO","message":"New project created (before push):"} {"user":{"id":"1749593580003","title":"A Brand New Project","date":"Jun 10, 2025","status":"In progress","image":"/placeholder.svg?height=200&width=300","bgColor":"bg-purple-400","severity":"INFO","message":"New project created (before push):"},"metadata":{"emulator":{"name":"functions"},"function":{"name":"us-central1-api"},"extension":{},"message":"\u001b[90m> \u001b[39m {\"id\":\"1749593580003\",\"title\":\"A Brand New Project\",\"date\":\"Jun 10, 2025\",\"status\":\"In progress\",\"image\":\"/placeholder.svg?height=200&width=300\",\"bgColor\":\"bg-purple-400\",\"severity\":\"INFO\",\"message\":\"New project created (before push):\"}"}}
[info] >  {"severity":"INFO","message":"Project pushed to data array."} {"user":{"severity":"INFO","message":"Project pushed to data array."},"metadata":{"emulator":{"name":"functions"},"function":{"name":"us-central1-api"},"extension":{},"message":"\u001b[90m> \u001b[39m {\"severity\":\"INFO\",\"message\":\"Project pushed to data array.\"}"}}
[info] >  {"severity":"INFO","message":"Response sent with status 201."} {"user":{"severity":"INFO","message":"Response sent with status 201."},"metadata":{"emulator":{"name":"functions"},"function":{"name":"us-central1-api"},"extension":{},"message":"\u001b[90m> \u001b[39m {\"severity\":\"INFO\",\"message\":\"Response sent with status 201.\"}"}}
[debug] [2025-06-10T22:13:00.019Z] Finishing up request with event=pause {"metadata":{"emulator":{"name":"functions"},"function":{"name":"us-central1-api"},"extension":{},"message":"Finishing up request with event=pause"}}
[info] i  functions: Finished "us-central1-api" in 23.088791ms {"metadata":{"emulator":{"name":"functions"},"function":{"name":"us-central1-api"},"extension":{},"message":"Finished \"us-central1-api\" in 23.088791ms"}}
[debug] [2025-06-10T22:13:00.019Z] [worker-us-central1-api-ba64f8ad-d79c-4548-850b-2cf54c0d2972]: IDLE {"metadata":{"emulator":{"name":"functions"},"function":{"name":"us-central1-api"},"extension":{},"message":"[worker-us-central1-api-ba64f8ad-d79c-4548-850b-2cf54c0d2972]: IDLE"}}
[debug] [2025-06-10T22:13:00.020Z] Finishing up request with event=finish {"metadata":{"emulator":{"name":"functions"},"function":{"name":"us-central1-api"},"extension":{},"message":"Finishing up request with event=finish"}}
[debug] [2025-06-10T22:13:00.020Z] Finishing up request with event=close {"metadata":{"emulator":{"name":"functions"},"function":{"name":"us-central1-api"},"extension":{},"message":"Finishing up request with event=close"}}
[debug] [2025-06-10T22:13:00.020Z] [work-queue] {"queuedWork":[],"queueLength":0,"runningWork":[],"workRunningCount":0}
